  ▲ Next.js 14.2.35
  - Local:        http://localhost:3003
  - Environments: .env.local

 ✓ Starting...
 ✓ Ready in 2.8s
 ○ Compiling /middleware ...
 ✓ Compiled /middleware in 526ms (72 modules)
 ○ Compiling /auth/signin ...
 ✓ Compiled /auth/signin in 8.7s (1341 modules)
 GET /auth/signin?oauth=session 200 in 8987ms
 GET /auth/signin 200 in 36ms
 ○ Compiling / ...
 ✓ Compiled / in 3.1s (1369 modules)
 GET / 200 in 3590ms
 ○ Compiling /api/auth/me ...
 ✓ Compiled /api/auth/me in 4s (835 modules)
 ✓ Compiled (837 modules)
 GET /api/auth/me 200 in 5798ms
 POST /api/auth/jwt 200 in 5800ms
 POST /api/auth/jwt 200 in 5820ms
 GET /api/auth/me 200 in 628ms
 ○ Compiling /sessions/[id] ...
 ✓ Compiled /sessions/[id] in 1612ms (1539 modules)
 POST /api/auth/jwt 200 in 716ms
 POST /api/auth/jwt 200 in 716ms
 POST /api/auth/jwt 200 in 735ms
 POST /api/auth/jwt 200 in 733ms
 GET /api/auth/me 200 in 742ms
 GET /api/auth/me 200 in 363ms
 ○ Compiling /sessions ...
 ✓ Compiled /sessions in 2s (1547 modules)
 GET /api/auth/me 200 in 418ms
 POST /api/auth/jwt 200 in 423ms
 POST /api/auth/jwt 200 in 450ms
 GET /api/auth/me 200 in 341ms
 POST /api/auth/jwt 200 in 526ms
 POST /api/auth/jwt 200 in 545ms
 POST /api/auth/jwt 200 in 538ms
 POST /api/auth/jwt 200 in 544ms
 GET /api/auth/me 200 in 561ms
 GET /api/auth/me 200 in 474ms
 POST /api/auth/jwt 200 in 499ms
 POST /api/auth/jwt 200 in 506ms
 GET /api/auth/me 200 in 404ms
 GET /api/auth/me 200 in 409ms
 POST /api/auth/jwt 200 in 379ms
 POST /api/auth/jwt 200 in 383ms
 GET /api/auth/me 200 in 389ms
 POST /api/auth/jwt 200 in 390ms
 POST /api/auth/jwt 200 in 405ms
 GET /api/auth/me 200 in 370ms
 POST /api/auth/jwt 200 in 352ms
 POST /api/auth/jwt 200 in 370ms
 GET /api/auth/me 200 in 357ms
 GET /api/auth/me 200 in 361ms
 GET /api/auth/me 200 in 465ms
 POST /api/auth/jwt 200 in 478ms
 POST /api/auth/jwt 200 in 491ms
 POST /api/auth/jwt 200 in 493ms
 POST /api/auth/jwt 200 in 499ms
 GET /api/auth/me 200 in 371ms
 POST /api/auth/jwt 200 in 387ms
 POST /api/auth/jwt 200 in 453ms
 GET /api/auth/me 200 in 427ms
 GET /api/auth/me 200 in 360ms
 POST /api/auth/jwt 200 in 769ms
 POST /api/auth/jwt 200 in 529ms
 POST /api/auth/jwt 200 in 523ms
 GET /api/auth/me 200 in 533ms
 POST /api/auth/jwt 200 in 542ms
 POST /api/auth/jwt 200 in 545ms
 GET /api/auth/me 200 in 593ms
 POST /api/auth/jwt 200 in 468ms
 POST /api/auth/jwt 200 in 468ms
 GET /api/auth/me 200 in 498ms
 GET /api/auth/me 200 in 500ms
 POST /api/auth/jwt 200 in 492ms
 POST /api/auth/jwt 200 in 501ms
 POST /api/auth/jwt 200 in 505ms
 GET /api/auth/me 200 in 527ms
 POST /api/auth/jwt 200 in 517ms
 GET /api/auth/me 200 in 504ms
 POST /api/auth/jwt 200 in 477ms
 POST /api/auth/jwt 200 in 493ms
 GET /api/auth/me 200 in 496ms
 GET /api/auth/me 200 in 368ms
 POST /api/auth/jwt 200 in 507ms
 POST /api/auth/jwt 200 in 512ms
 GET /api/auth/me 200 in 533ms
 POST /api/auth/jwt 200 in 536ms
 POST /api/auth/jwt 200 in 528ms
 GET /api/auth/me 200 in 386ms
 POST /api/auth/jwt 200 in 405ms
 GET /api/auth/me 200 in 433ms
 POST /api/auth/jwt 200 in 440ms
 GET /api/auth/me 200 in 394ms
 POST /api/auth/jwt 200 in 390ms
 GET /api/auth/me 200 in 402ms
 POST /api/auth/jwt 200 in 407ms
 GET /api/auth/me 200 in 339ms
 POST /api/auth/jwt 200 in 370ms
 GET /api/auth/me 200 in 383ms
 POST /api/auth/jwt 200 in 384ms
 GET /api/auth/me 200 in 363ms
 POST /api/auth/jwt 200 in 387ms
 POST /api/auth/jwt 200 in 388ms
 POST /api/auth/jwt 200 in 396ms
 POST /api/auth/jwt 200 in 410ms
 GET /api/auth/me 200 in 504ms
 GET /api/auth/me 200 in 343ms
 POST /api/auth/jwt 200 in 370ms
 POST /api/auth/jwt 200 in 384ms
 GET /api/auth/me 200 in 360ms
 GET /api/auth/me 200 in 356ms
 GET /auth/signin 200 in 127ms
 GET /sessions 200 in 75ms
 POST /api/auth/jwt 200 in 861ms
 POST /api/auth/jwt 200 in 1567ms
 GET /api/auth/me 200 in 1975ms
 GET /api/auth/me 200 in 673ms
 GET /auth/signin 200 in 78ms
 GET /sessions 200 in 73ms
 POST /api/auth/jwt 200 in 416ms
 POST /api/auth/jwt 200 in 424ms
 GET /api/auth/me 200 in 431ms
 GET /api/auth/me 200 in 363ms
 GET /api/auth/me 200 in 374ms
 POST /api/auth/jwt 200 in 387ms
 GET /api/auth/me 200 in 365ms
 POST /api/auth/jwt 200 in 897ms
 POST /api/auth/jwt 200 in 913ms
 POST /api/auth/jwt 200 in 917ms
 ○ Compiling /api/transcribe ...
 ✓ Compiled /api/transcribe in 1667ms (896 modules)
 POST /api/transcribe 200 in 2459ms
 GET /sessions/6a0ab17c0029520bb244 200 in 471ms
 POST /api/auth/jwt 200 in 520ms
 POST /api/auth/jwt 200 in 460ms
 POST /api/auth/jwt 200 in 471ms
 POST /api/auth/jwt 200 in 474ms
 POST /api/auth/jwt 200 in 480ms
 GET /api/auth/me 200 in 492ms
 GET /api/auth/me 200 in 366ms
 POST /api/transcribe 200 in 883ms
 ✓ Compiled in 2.7s (1401 modules)
 ✓ Compiled in 609ms (706 modules)
 ○ Compiling /api/transcribe ...
 ✓ Compiled /api/transcribe in 1161ms (764 modules)
 POST /api/transcribe 502 in 1835ms
 ○ Compiling /_error ...
 ✓ Compiled /_error in 5.5s (1683 modules)
 ○ Compiling /api/auth/jwt ...
 ✓ Compiled /api/auth/jwt in 6s (935 modules)
 POST /api/auth/jwt 500 in 7042ms
 GET /auth/signin 200 in 7101ms
 ○ Compiling /_not-found ...
 ✓ Compiled /_not-found in 3.7s (1816 modules)
 GET /sessions/6a0ab17c0029520bb244 500 in 10904ms
 GET /_next/static/css/app/layout.css?v=1779086796286 404 in 4136ms
 GET /_next/static/chunks/main-app.js?v=1779086796286 404 in 2125ms
 GET /_next/static/chunks/app-pages-internals.js 404 in 2129ms
 GET /_next/static/chunks/app/auth/signin/page.js 404 in 39ms
 GET /_next/static/chunks/app/auth/layout.js 404 in 42ms
 ✓ Compiled in 2.1s (1789 modules)
 GET /sessions/6a0ab17c0029520bb244 500 in 404ms
 ○ Compiling /api/transcribe ...
 ✓ Compiled /api/transcribe in 887ms (805 modules)
 POST /api/transcribe 400 in 1068ms
 POST /api/transcribe 502 in 1394ms
 GET /auth/signin 500 in 1298ms
 GET /auth/signin 500 in 30ms
 GET /auth/signin 500 in 33ms
undefined
D:\retrace\apps\web:
 ERR_PNPM_RECURSIVE_EXEC_FIRST_FAIL  Command "next" not found
